2023-02-25 12:15:46,600 diff parser start
2023-02-25 12:15:46,600 line_lengths old: 3; new: 2
2023-02-25 12:15:46,600 -> code[replace] old[1:3] new[1:2]
2023-02-25 12:15:46,600 parse_part from 1 to 2 (to 1 in part parser)
2023-02-25 12:15:46,600 diff parser end
2023-02-25 12:15:49,437 diff parser start
2023-02-25 12:15:49,437 line_lengths old: 2; new: 2
2023-02-25 12:15:49,437 -> code[equal] old[1:1] new[1:1]
2023-02-25 12:15:49,438 parse_part from 1 to 2 (to 1 in part parser)
2023-02-25 12:15:49,438 -> code[replace] old[2:2] new[2:2]
2023-02-25 12:15:49,438 diff parser end
2023-02-25 12:16:17,349 hellu
2023-02-25 12:16:23,452 hellu
2023-02-25 12:16:23,453 hellu
2023-02-25 12:16:23,453 hellu
2023-02-25 12:16:23,453 hellu
2023-02-25 12:16:23,453 hellu
2023-02-25 12:16:23,454 hellu
2023-02-25 12:16:23,454 hellu
2023-02-25 12:16:23,455 hellu
2023-02-25 12:16:23,455 hellu
2023-02-25 12:16:23,455 hellu
2023-02-25 12:21:34,894 diff parser start
2023-02-25 12:21:34,894 line_lengths old: 2; new: 1
2023-02-25 12:21:34,894 -> code[replace] old[1:2] new[1:1]
2023-02-25 12:21:34,894 parse_part from 1 to 1 (to 0 in part parser)
2023-02-25 12:21:34,895 diff parser end
2023-02-25 12:21:39,776 diff parser start
2023-02-25 12:21:39,776 line_lengths old: 1; new: 2
2023-02-25 12:21:39,776 -> code[replace] old[1:1] new[1:2]
2023-02-25 12:21:39,776 parse_part from 1 to 2 (to 1 in part parser)
2023-02-25 12:21:39,776 diff parser end
2023-02-25 12:21:43,771 diff parser start
2023-02-25 12:21:43,772 line_lengths old: 2; new: 2
2023-02-25 12:21:43,772 -> code[equal] old[1:1] new[1:1]
2023-02-25 12:21:43,772 copy old[1:1] new[1:1]
2023-02-25 12:21:43,772 -> code[replace] old[2:2] new[2:2]
2023-02-25 12:21:43,772 parse_part from 2 to 2 (to 1 in part parser)
2023-02-25 12:21:43,772 diff parser end
2023-02-25 12:22:40,687 diff parser start
2023-02-25 12:22:40,688 line_lengths old: 2; new: 5
2023-02-25 12:22:40,688 -> code[equal] old[1:1] new[1:1]
2023-02-25 12:22:40,688 copy old[1:1] new[1:1]
2023-02-25 12:22:40,688 -> code[replace] old[2:2] new[2:5]
2023-02-25 12:22:40,689 parse_part from 2 to 5 (to 4 in part parser)
2023-02-25 12:22:40,689 diff parser end
2023-02-25 12:22:46,039 diff parser start
2023-02-25 12:22:46,039 line_lengths old: 5; new: 5
2023-02-25 12:22:46,039 -> code[equal] old[1:4] new[1:4]
2023-02-25 12:22:46,040 copy old[1:2] new[1:2]
2023-02-25 12:22:46,040 parse_part from 3 to 3 (to 3 in part parser)
2023-02-25 12:22:46,041 parse_part from 4 to 5 (to 4 in part parser)
2023-02-25 12:22:46,041 -> code[replace] old[5:5] new[5:5]
2023-02-25 12:22:46,041 diff parser end
2023-02-25 12:22:49,194 diff parser start
2023-02-25 12:22:49,195 line_lengths old: 5; new: 5
2023-02-25 12:22:49,195 -> code[equal] old[1:4] new[1:4]
2023-02-25 12:22:49,195 copy old[1:2] new[1:2]
2023-02-25 12:22:49,195 parse_part from 3 to 3 (to 3 in part parser)
2023-02-25 12:22:49,197 parse_part from 4 to 5 (to 4 in part parser)
2023-02-25 12:22:49,197 -> code[replace] old[5:5] new[5:5]
2023-02-25 12:22:49,197 diff parser end
2023-02-25 12:22:52,593 diff parser start
2023-02-25 12:22:52,594 line_lengths old: 5; new: 5
2023-02-25 12:22:52,594 -> code[equal] old[1:4] new[1:4]
2023-02-25 12:22:52,594 copy old[1:2] new[1:2]
2023-02-25 12:22:52,594 parse_part from 3 to 3 (to 3 in part parser)
2023-02-25 12:22:52,595 parse_part from 4 to 5 (to 4 in part parser)
2023-02-25 12:22:52,595 -> code[replace] old[5:5] new[5:5]
2023-02-25 12:22:52,595 diff parser end
2023-02-25 12:25:31,846 diff parser start
2023-02-25 12:25:31,847 line_lengths old: 5; new: 1
2023-02-25 12:25:31,847 -> code[replace] old[1:5] new[1:1]
2023-02-25 12:25:31,847 parse_part from 1 to 1 (to 0 in part parser)
2023-02-25 12:25:31,847 diff parser end
2023-02-25 12:25:44,149 diff parser start
2023-02-25 12:25:44,149 line_lengths old: 1; new: 1
2023-02-25 12:25:44,150 -> code[replace] old[1:1] new[1:1]
2023-02-25 12:25:44,150 parse_part from 1 to 1 (to 0 in part parser)
2023-02-25 12:25:44,150 diff parser end
2023-02-25 12:25:49,910 diff parser start
2023-02-25 12:25:49,910 line_lengths old: 1; new: 1
2023-02-25 12:25:49,910 -> code[replace] old[1:1] new[1:1]
2023-02-25 12:25:49,911 parse_part from 1 to 1 (to 0 in part parser)
2023-02-25 12:25:49,911 diff parser end
2023-02-25 12:25:53,518 diff parser start
2023-02-25 12:25:53,518 line_lengths old: 1; new: 1
2023-02-25 12:25:53,518 -> code[replace] old[1:1] new[1:1]
2023-02-25 12:25:53,519 parse_part from 1 to 1 (to 0 in part parser)
2023-02-25 12:25:53,519 diff parser end
2023-02-25 12:25:59,432 diff parser start
2023-02-25 12:25:59,433 line_lengths old: 1; new: 1
2023-02-25 12:25:59,433 -> code[replace] old[1:1] new[1:1]
2023-02-25 12:25:59,434 parse_part from 1 to 1 (to 0 in part parser)
2023-02-25 12:25:59,434 diff parser end
2023-02-25 12:26:08,485 diff parser start
2023-02-25 12:26:08,485 line_lengths old: 1; new: 1
2023-02-25 12:26:08,485 -> code[replace] old[1:1] new[1:1]
2023-02-25 12:26:08,486 parse_part from 1 to 1 (to 0 in part parser)
2023-02-25 12:26:08,486 diff parser end
2023-02-25 12:26:36,203 diff parser start
2023-02-25 12:26:36,203 line_lengths old: 1; new: 1
2023-02-25 12:26:36,204 -> code[replace] old[1:1] new[1:1]
2023-02-25 12:26:36,204 parse_part from 1 to 1 (to 0 in part parser)
2023-02-25 12:26:36,205 diff parser end
2023-02-25 12:43:07,317 diff parser start
2023-02-25 12:43:07,318 line_lengths old: 1; new: 1
2023-02-25 12:43:07,318 -> code[replace] old[1:1] new[1:1]
2023-02-25 12:43:07,319 parse_part from 1 to 1 (to 0 in part parser)
2023-02-25 12:43:07,319 diff parser end
2023-02-25 12:43:13,557 diff parser start
2023-02-25 12:43:13,558 line_lengths old: 1; new: 1
2023-02-25 12:43:13,558 -> code[replace] old[1:1] new[1:1]
2023-02-25 12:43:13,558 parse_part from 1 to 1 (to 0 in part parser)
2023-02-25 12:43:13,558 diff parser end
2023-02-25 12:43:17,613 diff parser start
2023-02-25 12:43:17,613 line_lengths old: 1; new: 1
2023-02-25 12:43:17,614 -> code[replace] old[1:1] new[1:1]
2023-02-25 12:43:17,614 parse_part from 1 to 1 (to 0 in part parser)
2023-02-25 12:43:17,614 diff parser end
2023-02-25 12:43:21,506 diff parser start
2023-02-25 12:43:21,506 line_lengths old: 1; new: 1
2023-02-25 12:43:21,506 -> code[replace] old[1:1] new[1:1]
2023-02-25 12:43:21,506 parse_part from 1 to 1 (to 0 in part parser)
2023-02-25 12:43:21,507 diff parser end
2023-02-25 12:44:26,669 diff parser start
2023-02-25 12:44:26,670 line_lengths old: 1; new: 4
2023-02-25 12:44:26,670 -> code[replace] old[1:1] new[1:4]
2023-02-25 12:44:26,671 parse_part from 1 to 4 (to 3 in part parser)
2023-02-25 12:44:26,671 diff parser end
2023-02-25 12:44:27,718 diff parser start
2023-02-25 12:44:27,718 line_lengths old: 4; new: 4
2023-02-25 12:44:27,718 -> code[equal] old[1:3] new[1:3]
2023-02-25 12:44:27,719 parse_part from 1 to 4 (to 3 in part parser)
2023-02-25 12:44:27,719 -> code[replace] old[4:4] new[4:4]
2023-02-25 12:44:27,719 diff parser end
2023-02-25 12:57:35,717 diff parser start
2023-02-25 12:57:35,718 line_lengths old: 4; new: 2
2023-02-25 12:57:35,719 -> code[replace] old[1:4] new[1:2]
2023-02-25 12:57:35,719 parse_part from 1 to 2 (to 1 in part parser)
2023-02-25 12:57:35,719 diff parser end
2023-02-25 12:57:37,492 diff parser start
2023-02-25 12:57:37,492 line_lengths old: 2; new: 2
2023-02-25 12:57:37,493 -> code[equal] old[1:1] new[1:1]
2023-02-25 12:57:37,493 copy old[1:1] new[1:1]
2023-02-25 12:57:37,493 -> code[replace] old[2:2] new[2:2]
2023-02-25 12:57:37,493 parse_part from 2 to 2 (to 1 in part parser)
2023-02-25 12:57:37,493 diff parser end
2023-02-25 12:58:31,852 diff parser start
2023-02-25 12:58:31,853 line_lengths old: 2; new: 4
2023-02-25 12:58:31,853 -> code[equal] old[1:1] new[1:1]
2023-02-25 12:58:31,853 copy old[1:1] new[1:1]
2023-02-25 12:58:31,853 -> code[replace] old[2:2] new[2:4]
2023-02-25 12:58:31,854 parse_part from 2 to 4 (to 3 in part parser)
2023-02-25 12:58:31,854 diff parser end
2023-02-25 12:58:41,356 diff parser start
2023-02-25 12:58:41,356 line_lengths old: 4; new: 5
2023-02-25 12:58:41,356 -> code[equal] old[1:3] new[1:3]
2023-02-25 12:58:41,356 copy old[1:2] new[1:2]
2023-02-25 12:58:41,357 parse_part from 3 to 2 (to 2 in part parser)
2023-02-25 12:58:41,357 parse_part from 3 to 5 (to 4 in part parser)
2023-02-25 12:58:41,358 -> code[replace] old[4:4] new[4:5]
2023-02-25 12:58:41,358 diff parser end
2023-02-25 12:58:49,850 diff parser start
2023-02-25 12:58:49,850 line_lengths old: 5; new: 6
2023-02-25 12:58:49,851 -> code[equal] old[1:4] new[1:4]
2023-02-25 12:58:49,851 copy old[1:4] new[1:4]
2023-02-25 12:58:49,851 -> code[replace] old[5:5] new[5:6]
2023-02-25 12:58:49,851 parse_part from 5 to 6 (to 5 in part parser)
2023-02-25 12:58:49,851 diff parser end
2023-02-25 12:59:25,722 diff parser start
2023-02-25 12:59:25,722 line_lengths old: 6; new: 7
2023-02-25 12:59:25,722 -> code[equal] old[1:5] new[1:5]
2023-02-25 12:59:25,723 copy old[1:5] new[1:4]
2023-02-25 12:59:25,724 parse_part from 5 to 7 (to 6 in part parser)
2023-02-25 12:59:25,724 -> code[replace] old[6:6] new[6:7]
2023-02-25 12:59:25,724 diff parser end
2023-02-25 12:59:42,073 diff parser start
2023-02-25 12:59:42,073 line_lengths old: 7; new: 9
2023-02-25 12:59:42,073 -> code[equal] old[1:6] new[1:6]
2023-02-25 12:59:42,073 copy old[1:6] new[1:4]
2023-02-25 12:59:42,074 parse_part from 5 to 8 (to 8 in part parser)
2023-02-25 12:59:42,075 -> code[replace] old[7:7] new[7:9]
2023-02-25 12:59:42,075 parse_part from 9 to 9 (to 8 in part parser)
2023-02-25 12:59:42,075 diff parser end
2023-02-25 12:59:48,775 diff parser start
2023-02-25 12:59:48,775 line_lengths old: 9; new: 9
2023-02-25 12:59:48,776 -> code[equal] old[1:8] new[1:8]
2023-02-25 12:59:48,776 copy old[1:7] new[1:4]
2023-02-25 12:59:48,777 parse_part from 5 to 8 (to 8 in part parser)
2023-02-25 12:59:48,777 -> code[replace] old[9:9] new[9:9]
2023-02-25 12:59:48,777 parse_part from 9 to 9 (to 8 in part parser)
2023-02-25 12:59:48,777 diff parser end
2023-02-25 12:59:54,555 diff parser start
2023-02-25 12:59:54,555 line_lengths old: 9; new: 9
2023-02-25 12:59:54,556 -> code[equal] old[1:8] new[1:8]
2023-02-25 12:59:54,556 copy old[1:7] new[1:4]
2023-02-25 12:59:54,557 parse_part from 5 to 8 (to 8 in part parser)
2023-02-25 12:59:54,557 -> code[replace] old[9:9] new[9:9]
2023-02-25 12:59:54,557 parse_part from 9 to 9 (to 8 in part parser)
2023-02-25 12:59:54,557 diff parser end
2023-02-25 13:00:00,257 diff parser start
2023-02-25 13:00:00,257 line_lengths old: 9; new: 9
2023-02-25 13:00:00,257 -> code[equal] old[1:8] new[1:8]
2023-02-25 13:00:00,257 copy old[1:7] new[1:4]
2023-02-25 13:00:00,258 parse_part from 5 to 8 (to 8 in part parser)
2023-02-25 13:00:00,258 -> code[replace] old[9:9] new[9:9]
2023-02-25 13:00:00,259 parse_part from 9 to 9 (to 8 in part parser)
2023-02-25 13:00:00,259 diff parser end
